<?xml version="1.0" encoding="UTF-8"?>
<!-- Generated by org.testng.reporters.JUnitXMLReporter -->
<testsuite ignored="0" hostname="HP-PC" failures="0" tests="4" name="Test" time="65.0" errors="0" timestamp="2024-01-18T20:02:25 IST">
  <testcase classname="testCases.TC003_SignInDDT" name="verify_SignInDDT" time="8.01"/>
  <testcase classname="testCases.TC003_SignInDDT" name="verify_SignInDDT" time="14.619"/>
  <testcase classname="testCases.TC003_SignInDDT" name="verify_SignInDDT" time="15.378"/>
  <testcase classname="testCases.TC003_SignInDDT" name="verify_SignInDDT" time="10.138"/>
</testsuite> <!-- Test -->
